# JRE version: OpenJDK Runtime Environment Temurin-21.0.6+7 (21.0.6+7) (build 21.0.6+7-LTS)
# Java VM: OpenJDK 64-Bit Server VM Temurin-21.0.6+7 (21.0.6+7-LTS, mixed mode, sharing, tiered, compressed oops, compressed class ptrs, parallel gc, windows-amd64)
GC Precious Log:
 CardTable entry size: 512
 CPUs: 8 total, 8 available
 Memory: 5996M
 Large Page Support: Disabled
 NUMA Support: Disabled
 Compressed Oops: Enabled (32-bit)
 Alignments: Space 512K, Generation 512K, Heap 2M
 Heap Min Capacity: 100M
 Heap Initial Capacity: 100M
 Heap Max Capacity: 1G
 Pre-touch: Disabled
 Parallel Workers: 8
Heap:
 PSYoungGen      total 23552K, used 9426K [0x00000000eab00000, 0x00000000ec400000, 0x0000000100000000)
  eden space 22016K, 37% used [0x00000000eab00000,0x00000000eb32a760,0x00000000ec080000)
  from space 1536K, 69% used [0x00000000ec280000,0x00000000ec38a230,0x00000000ec400000)
  to   space 1536K, 0% used [0x00000000ec100000,0x00000000ec100000,0x00000000ec280000)
 ParOldGen       total 68608K, used 33865K [0x00000000c0000000, 0x00000000c4300000, 0x00000000eab00000)
  object space 68608K, 49% used [0x00000000c0000000,0x00000000c2112720,0x00000000c4300000)
 Metaspace       used 34291K, committed 35136K, reserved 1114112K
  class space    used 3403K, committed 3776K, reserved 1048576K
GC Heap History (20 events):
Event: 11.850 GC heap before
{Heap before GC invocations=10 (full 1):
 PSYoungGen      total 27136K, used 27031K [0x00000000eab00000, 0x00000000ecb00000, 0x0000000100000000)
  eden space 24064K, 100% used [0x00000000eab00000,0x00000000ec280000,0x00000000ec280000)
  from space 3072K, 96% used [0x00000000ec800000,0x00000000ecae5ce8,0x00000000ecb00000)
  to   space 3072K, 0% used [0x00000000ec500000,0x00000000ec500000,0x00000000ec800000)
 ParOldGen       total 68608K, used 16094K [0x00000000c0000000, 0x00000000c4300000, 0x00000000eab00000)
  object space 68608K, 23% used [0x00000000c0000000,0x00000000c0fb78e8,0x00000000c4300000)
 Metaspace       used 27466K, committed 28288K, reserved 1114112K
  class space    used 2639K, committed 3008K, reserved 1048576K
}
Event: 11.853 GC heap after
{Heap after GC invocations=10 (full 1):
 PSYoungGen      total 26624K, used 2994K [0x00000000eab00000, 0x00000000ec880000, 0x0000000100000000)
  eden space 23552K, 0% used [0x00000000eab00000,0x00000000eab00000,0x00000000ec200000)
  from space 3072K, 97% used [0x00000000ec500000,0x00000000ec7ecb48,0x00000000ec800000)
  to   space 512K, 0% used [0x00000000ec800000,0x00000000ec800000,0x00000000ec880000)
 ParOldGen       total 68608K, used 16102K [0x00000000c0000000, 0x00000000c4300000, 0x00000000eab00000)
  object space 68608K, 23% used [0x00000000c0000000,0x00000000c0fb98e8,0x00000000c4300000)
 Metaspace       used 27466K, committed 28288K, reserved 1114112K
  class space    used 2639K, committed 3008K, reserved 1048576K
}
Event: 12.729 GC heap before
{Heap before GC invocations=11 (full 1):
 PSYoungGen      total 26624K, used 26546K [0x00000000eab00000, 0x00000000ec880000, 0x0000000100000000)
  eden space 23552K, 100% used [0x00000000eab00000,0x00000000ec200000,0x00000000ec200000)
  from space 3072K, 97% used [0x00000000ec500000,0x00000000ec7ecb48,0x00000000ec800000)
  to   space 512K, 0% used [0x00000000ec800000,0x00000000ec800000,0x00000000ec880000)
 ParOldGen       total 68608K, used 16102K [0x00000000c0000000, 0x00000000c4300000, 0x00000000eab00000)
  object space 68608K, 23% used [0x00000000c0000000,0x00000000c0fb98e8,0x00000000c4300000)
 Metaspace       used 29005K, committed 29824K, reserved 1114112K
  class space    used 2808K, committed 3136K, reserved 1048576K
}
Event: 12.734 GC heap after
{Heap after GC invocations=11 (full 1):
 PSYoungGen      total 23552K, used 512K [0x00000000eab00000, 0x00000000ec880000, 0x0000000100000000)
  eden space 23040K, 0% used [0x00000000eab00000,0x00000000eab00000,0x00000000ec180000)
  from space 512K, 100% used [0x00000000ec800000,0x00000000ec880000,0x00000000ec880000)
  to   space 3584K, 0% used [0x00000000ec180000,0x00000000ec180000,0x00000000ec500000)
 ParOldGen       total 68608K, used 19041K [0x00000000c0000000, 0x00000000c4300000, 0x00000000eab00000)
  object space 68608K, 27% used [0x00000000c0000000,0x00000000c12987a0,0x00000000c4300000)
 Metaspace       used 29005K, committed 29824K, reserved 1114112K
  class space    used 2808K, committed 3136K, reserved 1048576K
}
Event: 81.967 GC heap before
{Heap before GC invocations=12 (full 1):
 PSYoungGen      total 23552K, used 23552K [0x00000000eab00000, 0x00000000ec880000, 0x0000000100000000)
  eden space 23040K, 100% used [0x00000000eab00000,0x00000000ec180000,0x00000000ec180000)
  from space 512K, 100% used [0x00000000ec800000,0x00000000ec880000,0x00000000ec880000)
  to   space 3584K, 0% used [0x00000000ec180000,0x00000000ec180000,0x00000000ec500000)
 ParOldGen       total 68608K, used 19041K [0x00000000c0000000, 0x00000000c4300000, 0x00000000eab00000)
  object space 68608K, 27% used [0x00000000c0000000,0x00000000c12987a0,0x00000000c4300000)
 Metaspace       used 31360K, committed 32256K, reserved 1114112K
  class space    used 3039K, committed 3456K, reserved 1048576K
}
Event: 81.990 GC heap after
{Heap after GC invocations=12 (full 1):
 PSYoungGen      total 26112K, used 2379K [0x00000000eab00000, 0x00000000ec880000, 0x0000000100000000)
  eden space 22528K, 0% used [0x00000000eab00000,0x00000000eab00000,0x00000000ec100000)
  from space 3584K, 66% used [0x00000000ec180000,0x00000000ec3d2ec8,0x00000000ec500000)
  to   space 3072K, 0% used [0x00000000ec580000,0x00000000ec580000,0x00000000ec880000)
 ParOldGen       total 68608K, used 19526K [0x00000000c0000000, 0x00000000c4300000, 0x00000000eab00000)
  object space 68608K, 28% used [0x00000000c0000000,0x00000000c1311ba0,0x00000000c4300000)
 Metaspace       used 31360K, committed 32256K, reserved 1114112K
  class space    used 3039K, committed 3456K, reserved 1048576K
}
Event: 82.272 GC heap before
{Heap before GC invocations=13 (full 1):
 PSYoungGen      total 26112K, used 24907K [0x00000000eab00000, 0x00000000ec880000, 0x0000000100000000)
  eden space 22528K, 100% used [0x00000000eab00000,0x00000000ec100000,0x00000000ec100000)
  from space 3584K, 66% used [0x00000000ec180000,0x00000000ec3d2ec8,0x00000000ec500000)
  to   space 3072K, 0% used [0x00000000ec580000,0x00000000ec580000,0x00000000ec880000)
 ParOldGen       total 68608K, used 19526K [0x00000000c0000000, 0x00000000c4300000, 0x00000000eab00000)
  object space 68608K, 28% used [0x00000000c0000000,0x00000000c1311ba0,0x00000000c4300000)
 Metaspace       used 31362K, committed 32256K, reserved 1114112K
  class space    used 3039K, committed 3456K, reserved 1048576K
}
Event: 82.293 GC heap after
{Heap after GC invocations=13 (full 1):
 PSYoungGen      total 24576K, used 2112K [0x00000000eab00000, 0x00000000ec800000, 0x0000000100000000)
  eden space 22016K, 0% used [0x00000000eab00000,0x00000000eab00000,0x00000000ec080000)
  from space 2560K, 82% used [0x00000000ec580000,0x00000000ec790010,0x00000000ec800000)
  to   space 2560K, 0% used [0x00000000ec300000,0x00000000ec300000,0x00000000ec580000)
 ParOldGen       total 68608K, used 21744K [0x00000000c0000000, 0x00000000c4300000, 0x00000000eab00000)
  object space 68608K, 31% used [0x00000000c0000000,0x00000000c153c318,0x00000000c4300000)
 Metaspace       used 31362K, committed 32256K, reserved 1114112K
  class space    used 3039K, committed 3456K, reserved 1048576K
}
Event: 82.605 GC heap before
{Heap before GC invocations=14 (full 1):
 PSYoungGen      total 24576K, used 24128K [0x00000000eab00000, 0x00000000ec800000, 0x0000000100000000)
  eden space 22016K, 100% used [0x00000000eab00000,0x00000000ec080000,0x00000000ec080000)
  from space 2560K, 82% used [0x00000000ec580000,0x00000000ec790010,0x00000000ec800000)
  to   space 2560K, 0% used [0x00000000ec300000,0x00000000ec300000,0x00000000ec580000)
 ParOldGen       total 68608K, used 21744K [0x00000000c0000000, 0x00000000c4300000, 0x00000000eab00000)
  object space 68608K, 31% used [0x00000000c0000000,0x00000000c153c318,0x00000000c4300000)
 Metaspace       used 31733K, committed 32640K, reserved 1114112K
  class space    used 3094K, committed 3520K, reserved 1048576K
}
Event: 82.618 GC heap after
{Heap after GC invocations=14 (full 1):
 PSYoungGen      total 24576K, used 2434K [0x00000000eab00000, 0x00000000ec600000, 0x0000000100000000)
  eden space 22016K, 0% used [0x00000000eab00000,0x00000000eab00000,0x00000000ec080000)
  from space 2560K, 95% used [0x00000000ec300000,0x00000000ec560820,0x00000000ec580000)
  to   space 512K, 0% used [0x00000000ec580000,0x00000000ec580000,0x00000000ec600000)
 ParOldGen       total 68608K, used 23704K [0x00000000c0000000, 0x00000000c4300000, 0x00000000eab00000)
  object space 68608K, 34% used [0x00000000c0000000,0x00000000c1726318,0x00000000c4300000)
 Metaspace       used 31733K, committed 32640K, reserved 1114112K
  class space    used 3094K, committed 3520K, reserved 1048576K
}
Event: 82.734 GC heap before
{Heap before GC invocations=15 (full 1):
 PSYoungGen      total 24576K, used 24450K [0x00000000eab00000, 0x00000000ec600000, 0x0000000100000000)
  eden space 22016K, 100% used [0x00000000eab00000,0x00000000ec080000,0x00000000ec080000)
  from space 2560K, 95% used [0x00000000ec300000,0x00000000ec560820,0x00000000ec580000)
  to   space 512K, 0% used [0x00000000ec580000,0x00000000ec580000,0x00000000ec600000)
 ParOldGen       total 68608K, used 23704K [0x00000000c0000000, 0x00000000c4300000, 0x00000000eab00000)
  object space 68608K, 34% used [0x00000000c0000000,0x00000000c1726318,0x00000000c4300000)
 Metaspace       used 31753K, committed 32640K, reserved 1114112K
  class space    used 3094K, committed 3520K, reserved 1048576K
}
Event: 82.742 GC heap after
{Heap after GC invocations=15 (full 1):
 PSYoungGen      total 22528K, used 512K [0x00000000eab00000, 0x00000000ec980000, 0x0000000100000000)
  eden space 22016K, 0% used [0x00000000eab00000,0x00000000eab00000,0x00000000ec080000)
  from space 512K, 100% used [0x00000000ec580000,0x00000000ec600000,0x00000000ec600000)
  to   space 4608K, 0% used [0x00000000ec080000,0x00000000ec080000,0x00000000ec500000)
 ParOldGen       total 68608K, used 27445K [0x00000000c0000000, 0x00000000c4300000, 0x00000000eab00000)
  object space 68608K, 40% used [0x00000000c0000000,0x00000000c1acd4e8,0x00000000c4300000)
 Metaspace       used 31753K, committed 32640K, reserved 1114112K
  class space    used 3094K, committed 3520K, reserved 1048576K
}
Event: 82.834 GC heap before
{Heap before GC invocations=16 (full 1):
 PSYoungGen      total 22528K, used 22528K [0x00000000eab00000, 0x00000000ec980000, 0x0000000100000000)
  eden space 22016K, 100% used [0x00000000eab00000,0x00000000ec080000,0x00000000ec080000)
  from space 512K, 100% used [0x00000000ec580000,0x00000000ec600000,0x00000000ec600000)
  to   space 4608K, 0% used [0x00000000ec080000,0x00000000ec080000,0x00000000ec500000)
 ParOldGen       total 68608K, used 27445K [0x00000000c0000000, 0x00000000c4300000, 0x00000000eab00000)
  object space 68608K, 40% used [0x00000000c0000000,0x00000000c1acd4e8,0x00000000c4300000)
 Metaspace       used 31758K, committed 32640K, reserved 1114112K
  class space    used 3094K, committed 3520K, reserved 1048576K
}
Event: 82.853 GC heap after
{Heap after GC invocations=16 (full 1):
 PSYoungGen      total 24576K, used 2148K [0x00000000eab00000, 0x00000000ec680000, 0x0000000100000000)
  eden space 22016K, 0% used [0x00000000eab00000,0x00000000eab00000,0x00000000ec080000)
  from space 2560K, 83% used [0x00000000ec080000,0x00000000ec299000,0x00000000ec300000)
  to   space 3072K, 0% used [0x00000000ec380000,0x00000000ec380000,0x00000000ec680000)
 ParOldGen       total 68608K, used 27971K [0x00000000c0000000, 0x00000000c4300000, 0x00000000eab00000)
  object space 68608K, 40% used [0x00000000c0000000,0x00000000c1b50e98,0x00000000c4300000)
 Metaspace       used 31758K, committed 32640K, reserved 1114112K
  class space    used 3094K, committed 3520K, reserved 1048576K
}
Event: 83.030 GC heap before
{Heap before GC invocations=17 (full 1):
 PSYoungGen      total 24576K, used 24164K [0x00000000eab00000, 0x00000000ec680000, 0x0000000100000000)
  eden space 22016K, 100% used [0x00000000eab00000,0x00000000ec080000,0x00000000ec080000)
  from space 2560K, 83% used [0x00000000ec080000,0x00000000ec299000,0x00000000ec300000)
  to   space 3072K, 0% used [0x00000000ec380000,0x00000000ec380000,0x00000000ec680000)
 ParOldGen       total 68608K, used 27971K [0x00000000c0000000, 0x00000000c4300000, 0x00000000eab00000)
  object space 68608K, 40% used [0x00000000c0000000,0x00000000c1b50e98,0x00000000c4300000)
 Metaspace       used 31799K, committed 32704K, reserved 1114112K
  class space    used 3097K, committed 3520K, reserved 1048576K
}
Event: 83.040 GC heap after
{Heap after GC invocations=17 (full 1):
 PSYoungGen      total 24576K, used 2176K [0x00000000eab00000, 0x00000000ec600000, 0x0000000100000000)
  eden space 22016K, 0% used [0x00000000eab00000,0x00000000eab00000,0x00000000ec080000)
  from space 2560K, 85% used [0x00000000ec380000,0x00000000ec5a0010,0x00000000ec600000)
  to   space 2560K, 0% used [0x00000000ec080000,0x00000000ec080000,0x00000000ec300000)
 ParOldGen       total 68608K, used 29961K [0x00000000c0000000, 0x00000000c4300000, 0x00000000eab00000)
  object space 68608K, 43% used [0x00000000c0000000,0x00000000c1d42510,0x00000000c4300000)
 Metaspace       used 31799K, committed 32704K, reserved 1114112K
  class space    used 3097K, committed 3520K, reserved 1048576K
}
Event: 83.154 GC heap before
{Heap before GC invocations=18 (full 1):
 PSYoungGen      total 24576K, used 24192K [0x00000000eab00000, 0x00000000ec600000, 0x0000000100000000)
  eden space 22016K, 100% used [0x00000000eab00000,0x00000000ec080000,0x00000000ec080000)
  from space 2560K, 85% used [0x00000000ec380000,0x00000000ec5a0010,0x00000000ec600000)
  to   space 2560K, 0% used [0x00000000ec080000,0x00000000ec080000,0x00000000ec300000)
 ParOldGen       total 68608K, used 29961K [0x00000000c0000000, 0x00000000c4300000, 0x00000000eab00000)
  object space 68608K, 43% used [0x00000000c0000000,0x00000000c1d42510,0x00000000c4300000)
 Metaspace       used 31833K, committed 32704K, reserved 1114112K
  class space    used 3097K, committed 3520K, reserved 1048576K
}
Event: 83.162 GC heap after
{Heap after GC invocations=18 (full 1):
 PSYoungGen      total 24064K, used 1944K [0x00000000eab00000, 0x00000000ec480000, 0x0000000100000000)
  eden space 22016K, 0% used [0x00000000eab00000,0x00000000eab00000,0x00000000ec080000)
  from space 2048K, 94% used [0x00000000ec080000,0x00000000ec266200,0x00000000ec280000)
  to   space 2048K, 0% used [0x00000000ec280000,0x00000000ec280000,0x00000000ec480000)
 ParOldGen       total 68608K, used 32033K [0x00000000c0000000, 0x00000000c4300000, 0x00000000eab00000)
  object space 68608K, 46% used [0x00000000c0000000,0x00000000c1f48520,0x00000000c4300000)
 Metaspace       used 31833K, committed 32704K, reserved 1114112K
  class space    used 3097K, committed 3520K, reserved 1048576K
}
Event: 84.608 GC heap before
{Heap before GC invocations=19 (full 1):
 PSYoungGen      total 24064K, used 23960K [0x00000000eab00000, 0x00000000ec480000, 0x0000000100000000)
  eden space 22016K, 100% used [0x00000000eab00000,0x00000000ec080000,0x00000000ec080000)
  from space 2048K, 94% used [0x00000000ec080000,0x00000000ec266200,0x00000000ec280000)
  to   space 2048K, 0% used [0x00000000ec280000,0x00000000ec280000,0x00000000ec480000)
 ParOldGen       total 68608K, used 32033K [0x00000000c0000000, 0x00000000c4300000, 0x00000000eab00000)
  object space 68608K, 46% used [0x00000000c0000000,0x00000000c1f48520,0x00000000c4300000)
 Metaspace       used 33827K, committed 34688K, reserved 1114112K
  class space    used 3360K, committed 3776K, reserved 1048576K
}
Event: 84.613 GC heap after
{Heap after GC invocations=19 (full 1):
 PSYoungGen      total 23552K, used 1064K [0x00000000eab00000, 0x00000000ec400000, 0x0000000100000000)
  eden space 22016K, 0% used [0x00000000eab00000,0x00000000eab00000,0x00000000ec080000)
  from space 1536K, 69% used [0x00000000ec280000,0x00000000ec38a230,0x00000000ec400000)
  to   space 1536K, 0% used [0x00000000ec100000,0x00000000ec100000,0x00000000ec280000)
 ParOldGen       total 68608K, used 33865K [0x00000000c0000000, 0x00000000c4300000, 0x00000000eab00000)
  object space 68608K, 49% used [0x00000000c0000000,0x00000000c2112720,0x00000000c4300000)
 Metaspace       used 33827K, committed 34688K, reserved 1114112K
  class space    used 3360K, committed 3776K, reserved 1048576K
}

