# JRE version: OpenJDK Runtime Environment Temurin-21.0.6+7 (21.0.6+7) (build 21.0.6+7-LTS)
# Java VM: OpenJDK 64-Bit Server VM Temurin-21.0.6+7 (21.0.6+7-LTS, mixed mode, sharing, tiered, compressed oops, compressed class ptrs, parallel gc, windows-amd64)
GC Precious Log:
 CardTable entry size: 512
 CPUs: 8 total, 8 available
 Memory: 5996M
 Large Page Support: Disabled
 NUMA Support: Disabled
 Compressed Oops: Enabled (32-bit)
 Alignments: Space 512K, Generation 512K, Heap 2M
 Heap Min Capacity: 100M
 Heap Initial Capacity: 100M
 Heap Max Capacity: 1G
 Pre-touch: Disabled
 Parallel Workers: 8
Heap:
 PSYoungGen      total 3072K, used 1292K [0x00000000eab00000, 0x00000000eb200000, 0x0000000100000000)
  eden space 2560K, 44% used [0x00000000eab00000,0x00000000eac1b340,0x00000000ead80000)
  from space 512K, 31% used [0x00000000eb100000,0x00000000eb128000,0x00000000eb180000)
  to   space 512K, 0% used [0x00000000eb180000,0x00000000eb180000,0x00000000eb200000)
 ParOldGen       total 435200K, used 434861K [0x00000000c0000000, 0x00000000da900000, 0x00000000eab00000)
  object space 435200K, 99% used [0x00000000c0000000,0x00000000da8ab630,0x00000000da900000)
 Metaspace       used 64569K, committed 65920K, reserved 1114112K
  class space    used 6748K, committed 7296K, reserved 1048576K
GC Heap History (20 events):
Event: 76.928 GC heap before
{Heap before GC invocations=427 (full 3):
 PSYoungGen      total 5120K, used 5116K [0x00000000eab00000, 0x00000000eb780000, 0x0000000100000000)
  eden space 2560K, 99% used [0x00000000eab00000,0x00000000ead7f028,0x00000000ead80000)
  from space 2560K, 100% used [0x00000000eae80000,0x00000000eb100000,0x00000000eb100000)
  to   space 5120K, 0% used [0x00000000eb280000,0x00000000eb280000,0x00000000eb780000)
 ParOldGen       total 429568K, used 429188K [0x00000000c0000000, 0x00000000da380000, 0x00000000eab00000)
  object space 429568K, 99% used [0x00000000c0000000,0x00000000da3210c8,0x00000000da380000)
 Metaspace       used 64222K, committed 65536K, reserved 1114112K
  class space    used 6724K, committed 7232K, reserved 1048576K
}
Event: 76.936 GC heap after
{Heap after GC invocations=427 (full 3):
 PSYoungGen      total 4096K, used 1185K [0x00000000eab00000, 0x00000000eb400000, 0x0000000100000000)
  eden space 2560K, 0% used [0x00000000eab00000,0x00000000eab00000,0x00000000ead80000)
  from space 1536K, 77% used [0x00000000eb280000,0x00000000eb3a8790,0x00000000eb400000)
  to   space 2560K, 0% used [0x00000000eaf00000,0x00000000eaf00000,0x00000000eb180000)
 ParOldGen       total 432128K, used 431732K [0x00000000c0000000, 0x00000000da600000, 0x00000000eab00000)
  object space 432128K, 99% used [0x00000000c0000000,0x00000000da59d0c8,0x00000000da600000)
 Metaspace       used 64222K, committed 65536K, reserved 1114112K
  class space    used 6724K, committed 7232K, reserved 1048576K
}
Event: 77.076 GC heap before
{Heap before GC invocations=428 (full 3):
 PSYoungGen      total 4096K, used 3397K [0x00000000eab00000, 0x00000000eb400000, 0x0000000100000000)
  eden space 2560K, 86% used [0x00000000eab00000,0x00000000ead28ef0,0x00000000ead80000)
  from space 1536K, 77% used [0x00000000eb280000,0x00000000eb3a8790,0x00000000eb400000)
  to   space 2560K, 0% used [0x00000000eaf00000,0x00000000eaf00000,0x00000000eb180000)
 ParOldGen       total 432128K, used 431732K [0x00000000c0000000, 0x00000000da600000, 0x00000000eab00000)
  object space 432128K, 99% used [0x00000000c0000000,0x00000000da59d0c8,0x00000000da600000)
 Metaspace       used 64222K, committed 65536K, reserved 1114112K
  class space    used 6724K, committed 7232K, reserved 1048576K
}
Event: 77.079 GC heap after
{Heap after GC invocations=428 (full 3):
 PSYoungGen      total 5120K, used 736K [0x00000000eab00000, 0x00000000eb300000, 0x0000000100000000)
  eden space 2560K, 0% used [0x00000000eab00000,0x00000000eab00000,0x00000000ead80000)
  from space 2560K, 28% used [0x00000000eaf00000,0x00000000eafb8018,0x00000000eb180000)
  to   space 1536K, 0% used [0x00000000eb180000,0x00000000eb180000,0x00000000eb300000)
 ParOldGen       total 433152K, used 432777K [0x00000000c0000000, 0x00000000da700000, 0x00000000eab00000)
  object space 433152K, 99% used [0x00000000c0000000,0x00000000da6a26c8,0x00000000da700000)
 Metaspace       used 64222K, committed 65536K, reserved 1114112K
  class space    used 6724K, committed 7232K, reserved 1048576K
}
Event: 81.851 GC heap before
{Heap before GC invocations=429 (full 3):
 PSYoungGen      total 5120K, used 3295K [0x00000000eab00000, 0x00000000eb300000, 0x0000000100000000)
  eden space 2560K, 99% used [0x00000000eab00000,0x00000000ead7fee8,0x00000000ead80000)
  from space 2560K, 28% used [0x00000000eaf00000,0x00000000eafb8018,0x00000000eb180000)
  to   space 1536K, 0% used [0x00000000eb180000,0x00000000eb180000,0x00000000eb300000)
 ParOldGen       total 433152K, used 432777K [0x00000000c0000000, 0x00000000da700000, 0x00000000eab00000)
  object space 433152K, 99% used [0x00000000c0000000,0x00000000da6a26c8,0x00000000da700000)
 Metaspace       used 64246K, committed 65536K, reserved 1114112K
  class space    used 6728K, committed 7232K, reserved 1048576K
}
Event: 81.855 GC heap after
{Heap after GC invocations=429 (full 3):
 PSYoungGen      total 3584K, used 832K [0x00000000eab00000, 0x00000000eb280000, 0x0000000100000000)
  eden space 2560K, 0% used [0x00000000eab00000,0x00000000eab00000,0x00000000ead80000)
  from space 1024K, 81% used [0x00000000eb180000,0x00000000eb250010,0x00000000eb280000)
  to   space 1024K, 0% used [0x00000000eb080000,0x00000000eb080000,0x00000000eb180000)
 ParOldGen       total 433152K, used 433105K [0x00000000c0000000, 0x00000000da700000, 0x00000000eab00000)
  object space 433152K, 99% used [0x00000000c0000000,0x00000000da6f46d0,0x00000000da700000)
 Metaspace       used 64246K, committed 65536K, reserved 1114112K
  class space    used 6728K, committed 7232K, reserved 1048576K
}
Event: 82.308 GC heap before
{Heap before GC invocations=430 (full 3):
 PSYoungGen      total 3584K, used 3392K [0x00000000eab00000, 0x00000000eb280000, 0x0000000100000000)
  eden space 2560K, 100% used [0x00000000eab00000,0x00000000ead80000,0x00000000ead80000)
  from space 1024K, 81% used [0x00000000eb180000,0x00000000eb250010,0x00000000eb280000)
  to   space 1024K, 0% used [0x00000000eb080000,0x00000000eb080000,0x00000000eb180000)
 ParOldGen       total 433152K, used 433105K [0x00000000c0000000, 0x00000000da700000, 0x00000000eab00000)
  object space 433152K, 99% used [0x00000000c0000000,0x00000000da6f46d0,0x00000000da700000)
 Metaspace       used 64328K, committed 65600K, reserved 1114112K
  class space    used 6732K, committed 7232K, reserved 1048576K
}
Event: 82.317 GC heap after
{Heap after GC invocations=430 (full 3):
 PSYoungGen      total 3584K, used 256K [0x00000000eab00000, 0x00000000eb200000, 0x0000000100000000)
  eden space 2560K, 0% used [0x00000000eab00000,0x00000000eab00000,0x00000000ead80000)
  from space 1024K, 25% used [0x00000000eb080000,0x00000000eb0c0000,0x00000000eb180000)
  to   space 512K, 0% used [0x00000000eb180000,0x00000000eb180000,0x00000000eb200000)
 ParOldGen       total 434176K, used 433769K [0x00000000c0000000, 0x00000000da800000, 0x00000000eab00000)
  object space 434176K, 99% used [0x00000000c0000000,0x00000000da79a6e0,0x00000000da800000)
 Metaspace       used 64328K, committed 65600K, reserved 1114112K
  class space    used 6732K, committed 7232K, reserved 1048576K
}
Event: 82.508 GC heap before
{Heap before GC invocations=431 (full 3):
 PSYoungGen      total 3584K, used 2759K [0x00000000eab00000, 0x00000000eb200000, 0x0000000100000000)
  eden space 2560K, 97% used [0x00000000eab00000,0x00000000ead71d70,0x00000000ead80000)
  from space 1024K, 25% used [0x00000000eb080000,0x00000000eb0c0000,0x00000000eb180000)
  to   space 512K, 0% used [0x00000000eb180000,0x00000000eb180000,0x00000000eb200000)
 ParOldGen       total 434176K, used 433769K [0x00000000c0000000, 0x00000000da800000, 0x00000000eab00000)
  object space 434176K, 99% used [0x00000000c0000000,0x00000000da79a6e0,0x00000000da800000)
 Metaspace       used 64360K, committed 65600K, reserved 1114112K
  class space    used 6733K, committed 7232K, reserved 1048576K
}
Event: 82.512 GC heap after
{Heap after GC invocations=431 (full 3):
 PSYoungGen      total 3072K, used 192K [0x00000000eab00000, 0x00000000eb200000, 0x0000000100000000)
  eden space 2560K, 0% used [0x00000000eab00000,0x00000000eab00000,0x00000000ead80000)
  from space 512K, 37% used [0x00000000eb180000,0x00000000eb1b0000,0x00000000eb200000)
  to   space 512K, 0% used [0x00000000eb100000,0x00000000eb100000,0x00000000eb180000)
 ParOldGen       total 434176K, used 433817K [0x00000000c0000000, 0x00000000da800000, 0x00000000eab00000)
  object space 434176K, 99% used [0x00000000c0000000,0x00000000da7a66e0,0x00000000da800000)
 Metaspace       used 64360K, committed 65600K, reserved 1114112K
  class space    used 6733K, committed 7232K, reserved 1048576K
}
Event: 82.575 GC heap before
{Heap before GC invocations=432 (full 3):
 PSYoungGen      total 3072K, used 2687K [0x00000000eab00000, 0x00000000eb200000, 0x0000000100000000)
  eden space 2560K, 97% used [0x00000000eab00000,0x00000000ead6fd48,0x00000000ead80000)
  from space 512K, 37% used [0x00000000eb180000,0x00000000eb1b0000,0x00000000eb200000)
  to   space 512K, 0% used [0x00000000eb100000,0x00000000eb100000,0x00000000eb180000)
 ParOldGen       total 434176K, used 433817K [0x00000000c0000000, 0x00000000da800000, 0x00000000eab00000)
  object space 434176K, 99% used [0x00000000c0000000,0x00000000da7a66e0,0x00000000da800000)
 Metaspace       used 64360K, committed 65600K, reserved 1114112K
  class space    used 6733K, committed 7232K, reserved 1048576K
}
Event: 82.582 GC heap after
{Heap after GC invocations=432 (full 3):
 PSYoungGen      total 3072K, used 432K [0x00000000eab00000, 0x00000000eb200000, 0x0000000100000000)
  eden space 2560K, 0% used [0x00000000eab00000,0x00000000eab00000,0x00000000ead80000)
  from space 512K, 84% used [0x00000000eb100000,0x00000000eb16c2b8,0x00000000eb180000)
  to   space 512K, 0% used [0x00000000eb180000,0x00000000eb180000,0x00000000eb200000)
 ParOldGen       total 435200K, used 434653K [0x00000000c0000000, 0x00000000da900000, 0x00000000eab00000)
  object space 435200K, 99% used [0x00000000c0000000,0x00000000da877630,0x00000000da900000)
 Metaspace       used 64360K, committed 65600K, reserved 1114112K
  class space    used 6733K, committed 7232K, reserved 1048576K
}
Event: 82.679 GC heap before
{Heap before GC invocations=433 (full 3):
 PSYoungGen      total 3072K, used 2992K [0x00000000eab00000, 0x00000000eb200000, 0x0000000100000000)
  eden space 2560K, 99% used [0x00000000eab00000,0x00000000ead7fff0,0x00000000ead80000)
  from space 512K, 84% used [0x00000000eb100000,0x00000000eb16c2b8,0x00000000eb180000)
  to   space 512K, 0% used [0x00000000eb180000,0x00000000eb180000,0x00000000eb200000)
 ParOldGen       total 435200K, used 434653K [0x00000000c0000000, 0x00000000da900000, 0x00000000eab00000)
  object space 435200K, 99% used [0x00000000c0000000,0x00000000da877630,0x00000000da900000)
 Metaspace       used 64366K, committed 65664K, reserved 1114112K
  class space    used 6736K, committed 7296K, reserved 1048576K
}
Event: 82.682 GC heap after
{Heap after GC invocations=433 (full 3):
 PSYoungGen      total 3072K, used 224K [0x00000000eab00000, 0x00000000eb200000, 0x0000000100000000)
  eden space 2560K, 0% used [0x00000000eab00000,0x00000000eab00000,0x00000000ead80000)
  from space 512K, 43% used [0x00000000eb180000,0x00000000eb1b8000,0x00000000eb200000)
  to   space 512K, 0% used [0x00000000eb100000,0x00000000eb100000,0x00000000eb180000)
 ParOldGen       total 435200K, used 434685K [0x00000000c0000000, 0x00000000da900000, 0x00000000eab00000)
  object space 435200K, 99% used [0x00000000c0000000,0x00000000da87f630,0x00000000da900000)
 Metaspace       used 64366K, committed 65664K, reserved 1114112K
  class space    used 6736K, committed 7296K, reserved 1048576K
}
Event: 83.216 GC heap before
{Heap before GC invocations=434 (full 3):
 PSYoungGen      total 3072K, used 2761K [0x00000000eab00000, 0x00000000eb200000, 0x0000000100000000)
  eden space 2560K, 99% used [0x00000000eab00000,0x00000000ead7a5b0,0x00000000ead80000)
  from space 512K, 43% used [0x00000000eb180000,0x00000000eb1b8000,0x00000000eb200000)
  to   space 512K, 0% used [0x00000000eb100000,0x00000000eb100000,0x00000000eb180000)
 ParOldGen       total 435200K, used 434685K [0x00000000c0000000, 0x00000000da900000, 0x00000000eab00000)
  object space 435200K, 99% used [0x00000000c0000000,0x00000000da87f630,0x00000000da900000)
 Metaspace       used 64462K, committed 65792K, reserved 1114112K
  class space    used 6740K, committed 7296K, reserved 1048576K
}
Event: 83.221 GC heap after
{Heap after GC invocations=434 (full 3):
 PSYoungGen      total 3072K, used 224K [0x00000000eab00000, 0x00000000eb200000, 0x0000000100000000)
  eden space 2560K, 0% used [0x00000000eab00000,0x00000000eab00000,0x00000000ead80000)
  from space 512K, 43% used [0x00000000eb100000,0x00000000eb138000,0x00000000eb180000)
  to   space 512K, 0% used [0x00000000eb180000,0x00000000eb180000,0x00000000eb200000)
 ParOldGen       total 435200K, used 434749K [0x00000000c0000000, 0x00000000da900000, 0x00000000eab00000)
  object space 435200K, 99% used [0x00000000c0000000,0x00000000da88f630,0x00000000da900000)
 Metaspace       used 64462K, committed 65792K, reserved 1114112K
  class space    used 6740K, committed 7296K, reserved 1048576K
}
Event: 83.245 GC heap before
{Heap before GC invocations=435 (full 3):
 PSYoungGen      total 3072K, used 2262K [0x00000000eab00000, 0x00000000eb200000, 0x0000000100000000)
  eden space 2560K, 79% used [0x00000000eab00000,0x00000000eacfd9a8,0x00000000ead80000)
  from space 512K, 43% used [0x00000000eb100000,0x00000000eb138000,0x00000000eb180000)
  to   space 512K, 0% used [0x00000000eb180000,0x00000000eb180000,0x00000000eb200000)
 ParOldGen       total 435200K, used 434749K [0x00000000c0000000, 0x00000000da900000, 0x00000000eab00000)
  object space 435200K, 99% used [0x00000000c0000000,0x00000000da88f630,0x00000000da900000)
 Metaspace       used 64462K, committed 65792K, reserved 1114112K
  class space    used 6740K, committed 7296K, reserved 1048576K
}
Event: 83.253 GC heap after
{Heap after GC invocations=435 (full 3):
 PSYoungGen      total 3072K, used 96K [0x00000000eab00000, 0x00000000eb200000, 0x0000000100000000)
  eden space 2560K, 0% used [0x00000000eab00000,0x00000000eab00000,0x00000000ead80000)
  from space 512K, 18% used [0x00000000eb180000,0x00000000eb198000,0x00000000eb200000)
  to   space 512K, 0% used [0x00000000eb100000,0x00000000eb100000,0x00000000eb180000)
 ParOldGen       total 435200K, used 434853K [0x00000000c0000000, 0x00000000da900000, 0x00000000eab00000)
  object space 435200K, 99% used [0x00000000c0000000,0x00000000da8a9630,0x00000000da900000)
 Metaspace       used 64462K, committed 65792K, reserved 1114112K
  class space    used 6740K, committed 7296K, reserved 1048576K
}
Event: 83.300 GC heap before
{Heap before GC invocations=436 (full 3):
 PSYoungGen      total 3072K, used 2656K [0x00000000eab00000, 0x00000000eb200000, 0x0000000100000000)
  eden space 2560K, 100% used [0x00000000eab00000,0x00000000ead80000,0x00000000ead80000)
  from space 512K, 18% used [0x00000000eb180000,0x00000000eb198000,0x00000000eb200000)
  to   space 512K, 0% used [0x00000000eb100000,0x00000000eb100000,0x00000000eb180000)
 ParOldGen       total 435200K, used 434853K [0x00000000c0000000, 0x00000000da900000, 0x00000000eab00000)
  object space 435200K, 99% used [0x00000000c0000000,0x00000000da8a9630,0x00000000da900000)
 Metaspace       used 64474K, committed 65792K, reserved 1114112K
  class space    used 6742K, committed 7296K, reserved 1048576K
}
Event: 83.307 GC heap after
{Heap after GC invocations=436 (full 3):
 PSYoungGen      total 3072K, used 160K [0x00000000eab00000, 0x00000000eb200000, 0x0000000100000000)
  eden space 2560K, 0% used [0x00000000eab00000,0x00000000eab00000,0x00000000ead80000)
  from space 512K, 31% used [0x00000000eb100000,0x00000000eb128000,0x00000000eb180000)
  to   space 512K, 0% used [0x00000000eb180000,0x00000000eb180000,0x00000000eb200000)
 ParOldGen       total 435200K, used 434861K [0x00000000c0000000, 0x00000000da900000, 0x00000000eab00000)
  object space 435200K, 99% used [0x00000000c0000000,0x00000000da8ab630,0x00000000da900000)
 Metaspace       used 64474K, committed 65792K, reserved 1114112K
  class space    used 6742K, committed 7296K, reserved 1048576K
}

